<?xml version="1.0" encoding="UTF-8"?>
<!-- Generated by org.testng.reporters.JUnitReportReporter -->
<testsuite hostname="DESKTOP-2TF16RA" name="example.NewTest" tests="2" failures="0" timestamp="17 Jan 2020 13:50:53 GMT" time="8.837" errors="0">
  <testcase name="testEasy" time="4.755" classname="example.NewTest"/>
  <testcase name="close" time="4.082" classname="example.NewTest"/>
</testsuite> <!-- example.NewTest -->
