<?xml version="1.0" encoding="UTF-8"?>
<!-- Generated by org.testng.reporters.JUnitReportReporter -->
<testsuite hostname="DESKTOP-2TF16RA" failures="0" tests="2" name="example.NewTest" time="9.022" errors="0" timestamp="17 Jan 2020 14:31:28 GMT">
  <testcase classname="example.NewTest" name="testEasy" time="4.707"/>
  <testcase classname="example.NewTest" name="close" time="4.315"/>
</testsuite> <!-- example.NewTest -->
